<testsuites id="" name="" tests="10" failures="0" skipped="0" errors="0" time="15.64631200003624">
<testsuite name="setup/auth.setup-func.ts" timestamp="2023-06-09T09:47:04.090Z" hostname="functional_tests_setup" tests="1" failures="0" skipped="0" time="4.498" errors="0">
<testcase name="Executing sign-in pre-condition for tests › Authenticate with a known user" classname="setup/auth.setup-func.ts" time="4.498">
<system-out>
<![CDATA[Attemting to login with credentials page andriifrolov, Test@1234
]]>
</system-out>
</testcase>
</testsuite>
<testsuite name="functional/books.spec.ts" timestamp="2023-06-09T09:47:04.090Z" hostname="chromium" tests="1" failures="0" skipped="0" time="3.295" errors="0">
<testcase name="Books tests › should be able to see a book summary @smoke" classname="functional/books.spec.ts" time="3.295">
</testcase>
</testsuite>
<testsuite name="functional/login.spec.ts" timestamp="2023-06-09T09:47:04.090Z" hostname="chromium" tests="2" failures="0" skipped="0" time="8.43" errors="0">
<testcase name="Sign in tests › should be able to sign in with valid credentials @smoke" classname="functional/login.spec.ts" time="4.043">
<system-out>
<![CDATA[Attemting to login with credentials page andriifrolov, Test@1234
]]>
</system-out>
</testcase>
<testcase name="Sign in tests › should NOT able to sign in with valid credentials @smoke" classname="functional/login.spec.ts" time="4.387">
<system-out>
<![CDATA[Attemting to login with credentials page andriifrolov, Invalid password
]]>
</system-out>
</testcase>
</testsuite>
<testsuite name="functional/books.spec.ts" timestamp="2023-06-09T09:47:04.090Z" hostname="firefox" tests="1" failures="0" skipped="0" time="4.32" errors="0">
<testcase name="Books tests › should be able to see a book summary @smoke" classname="functional/books.spec.ts" time="4.32">
</testcase>
</testsuite>
<testsuite name="functional/login.spec.ts" timestamp="2023-06-09T09:47:04.090Z" hostname="firefox" tests="2" failures="0" skipped="0" time="8.753" errors="0">
<testcase name="Sign in tests › should be able to sign in with valid credentials @smoke" classname="functional/login.spec.ts" time="4.946">
<system-out>
<![CDATA[Attemting to login with credentials page andriifrolov, Test@1234
]]>
</system-out>
</testcase>
<testcase name="Sign in tests › should NOT able to sign in with valid credentials @smoke" classname="functional/login.spec.ts" time="3.807">
<system-out>
<![CDATA[Attemting to login with credentials page andriifrolov, Invalid password
]]>
</system-out>
</testcase>
</testsuite>
<testsuite name="functional/books.spec.ts" timestamp="2023-06-09T09:47:04.090Z" hostname="webkit" tests="1" failures="0" skipped="0" time="4.209" errors="0">
<testcase name="Books tests › should be able to see a book summary @smoke" classname="functional/books.spec.ts" time="4.209">
</testcase>
</testsuite>
<testsuite name="functional/login.spec.ts" timestamp="2023-06-09T09:47:04.090Z" hostname="webkit" tests="2" failures="0" skipped="0" time="9.01" errors="0">
<testcase name="Sign in tests › should be able to sign in with valid credentials @smoke" classname="functional/login.spec.ts" time="5.004">
<system-out>
<![CDATA[Attemting to login with credentials page andriifrolov, Test@1234
]]>
</system-out>
</testcase>
<testcase name="Sign in tests › should NOT able to sign in with valid credentials @smoke" classname="functional/login.spec.ts" time="4.006">
<system-out>
<![CDATA[Attemting to login with credentials page andriifrolov, Invalid password
]]>
</system-out>
</testcase>
</testsuite>
</testsuites>